<?xml version="1.0" encoding="UTF-8"?>
<robot generator="Robot 6.1.1 (Python 3.12.1 on win32)" generated="20240106 07:05:19.084" rpa="false" schemaversion="4">
<suite id="s1" name="Amazon Testes" source="G:\Meu Drive\My QA Life\Robot Framework\webtesting\amazon_testes.robot">
<test id="s1-t1" name="Caso de Teste 02 - Pesquisa de um Produto" line="20">
<kw name="Abrir o navegador" library="amazon_resources" type="SETUP">
<kw name="Open Browser" library="SeleniumLibrary">
<arg>browser=${BROWSER}</arg>
<doc>Opens a new browser instance to the optional ``url``.</doc>
<msg timestamp="20240106 07:05:19.302" level="INFO">Opening browser 'chrome' to base url 'None'.</msg>
<status status="PASS" starttime="20240106 07:05:19.302" endtime="20240106 07:05:21.060"/>
</kw>
<kw name="Maximize Browser Window" library="SeleniumLibrary">
<doc>Maximizes current browser window.</doc>
<status status="PASS" starttime="20240106 07:05:21.060" endtime="20240106 07:05:21.187"/>
</kw>
<status status="PASS" starttime="20240106 07:05:19.301" endtime="20240106 07:05:21.187"/>
</kw>
<kw name="Acessar o home page do site Amazon.com.br" library="amazon_resources">
<kw name="Go To" library="SeleniumLibrary">
<arg>url=${URL}</arg>
<doc>Navigates the current browser window to the provided ``url``.</doc>
<msg timestamp="20240106 07:05:21.189" level="INFO">Opening url 'https://www.amazon.com.br'</msg>
<status status="PASS" starttime="20240106 07:05:21.188" endtime="20240106 07:05:21.990"/>
</kw>
<kw name="Wait Until Element Is Visible" library="SeleniumLibrary">
<arg>locator=${MENU_ELETRONICOS}</arg>
<doc>Waits until the element ``locator`` is visible.</doc>
<status status="PASS" starttime="20240106 07:05:21.990" endtime="20240106 07:05:22.042"/>
</kw>
<status status="PASS" starttime="20240106 07:05:21.188" endtime="20240106 07:05:22.042"/>
</kw>
<kw name="Digitar o nome de produto &quot;Playstation 5&quot; no campo de pesquisa" library="amazon_resources" sourcename="Digitar o nome de produto &quot;${PRODUTO}&quot; no campo de pesquisa">
<kw name="Input Text" library="SeleniumLibrary">
<arg>locator=//input[contains(@type,'text')]</arg>
<arg>text=${PRODUTO}</arg>
<doc>Types the given ``text`` into the text field identified by ``locator``.</doc>
<msg timestamp="20240106 07:05:22.043" level="INFO">Typing text 'Playstation 5' into text field '//input[contains(@type,'text')]'.</msg>
<status status="PASS" starttime="20240106 07:05:22.043" endtime="20240106 07:05:22.191"/>
</kw>
<status status="PASS" starttime="20240106 07:05:22.043" endtime="20240106 07:05:22.191"/>
</kw>
<kw name="Clicar no botão de pesquisa" library="amazon_resources">
<kw name="Click Element" library="SeleniumLibrary">
<arg>locator=nav-search-submit-button</arg>
<doc>Click the element identified by ``locator``.</doc>
<msg timestamp="20240106 07:05:22.192" level="INFO">Clicking element 'nav-search-submit-button'.</msg>
<status status="PASS" starttime="20240106 07:05:22.192" endtime="20240106 07:05:23.503"/>
</kw>
<status status="PASS" starttime="20240106 07:05:22.191" endtime="20240106 07:05:23.503"/>
</kw>
<kw name="Verificar o resultado da pesquisa,se está listando o produto &quot;Playstation&quot;" library="amazon_resources" sourcename="Verificar o resultado da pesquisa,se está listando o produto &quot;${PRODUTO}&quot;">
<kw name="Wait Until Element Is Enabled" library="SeleniumLibrary">
<arg>locator=//span[@class='a-size-base-plus a-color-base a-text-normal'][contains(.,'${PRODUTO}')]</arg>
<doc>Waits until the element ``locator`` is enabled.</doc>
<status status="PASS" starttime="20240106 07:05:23.504" endtime="20240106 07:05:23.527"/>
</kw>
<status status="PASS" starttime="20240106 07:05:23.504" endtime="20240106 07:05:23.527"/>
</kw>
<kw name="Fechar o navegador" library="amazon_resources" type="TEARDOWN">
<kw name="Capture Page Screenshot" library="SeleniumLibrary">
<doc>Takes a screenshot of the current page and embeds it into a log file.</doc>
<msg timestamp="20240106 07:05:23.852" level="INFO" html="true">&lt;/td&gt;&lt;/tr&gt;&lt;tr&gt;&lt;td colspan="3"&gt;&lt;a href="selenium-screenshot-10.png"&gt;&lt;img src="selenium-screenshot-10.png" width="800px"&gt;&lt;/a&gt;</msg>
<status status="PASS" starttime="20240106 07:05:23.528" endtime="20240106 07:05:23.852"/>
</kw>
<kw name="Close Browser" library="SeleniumLibrary">
<doc>Closes the current browser.</doc>
<status status="PASS" starttime="20240106 07:05:23.852" endtime="20240106 07:05:26.017"/>
</kw>
<status status="PASS" starttime="20240106 07:05:23.527" endtime="20240106 07:05:26.017"/>
</kw>
<doc>Esse teste verifica e busca de um produto</doc>
<tag>busca_produtos</tag>
<tag>lista_busca</tag>
<status status="PASS" starttime="20240106 07:05:19.301" endtime="20240106 07:05:26.017"/>
</test>
<doc>Essa suite testa o site da Amazon.com.br</doc>
<status status="PASS" starttime="20240106 07:05:19.087" endtime="20240106 07:05:26.018"/>
</suite>
<statistics>
<total>
<stat pass="1" fail="0" skip="0">All Tests</stat>
</total>
<tag>
<stat pass="1" fail="0" skip="0">busca_produtos</stat>
<stat pass="1" fail="0" skip="0">lista_busca</stat>
</tag>
<suite>
<stat pass="1" fail="0" skip="0" id="s1" name="Amazon Testes">Amazon Testes</stat>
</suite>
</statistics>
<errors>
</errors>
</robot>
